The system is: Linux - 6.6.87.2-microsoft-standard-WSL2 - x86_64
Compiling the C compiler identification source file "CMakeCCompilerId.c" succeeded.
Compiler: /usr/bin/cc 
Build flags: 
Id flags:  

The output was:
0


Compilation of the C compiler identification source "CMakeCCompilerId.c" produced "a.out"

The C compiler identification is GNU, found in "/home/chander/CODE_BASE/libjpeg-turbo/build/CMakeFiles/3.22.1/CompilerIdC/a.out"

Detecting C compiler ABI info compiled with the following output:
Change Dir: /home/chander/CODE_BASE/libjpeg-turbo/build/CMakeFiles/CMakeTmp

Run Build Command(s):/usr/bin/gmake -f Makefile cmTC_c8e6e/fast && /usr/bin/gmake  -f CMakeFiles/cmTC_c8e6e.dir/build.make CMakeFiles/cmTC_c8e6e.dir/build
gmake[1]: Entering directory '/home/chander/CODE_BASE/libjpeg-turbo/build/CMakeFiles/CMakeTmp'
Building C object CMakeFiles/cmTC_c8e6e.dir/CMakeCCompilerABI.c.o
/usr/bin/cc   -v -o CMakeFiles/cmTC_c8e6e.dir/CMakeCCompilerABI.c.o -c /usr/share/cmake-3.22/Modules/CMakeCCompilerABI.c
Using built-in specs.
COLLECT_GCC=/usr/bin/cc
OFFLOAD_TARGET_NAMES=nvptx-none:amdgcn-amdhsa
OFFLOAD_TARGET_DEFAULT=1
Target: x86_64-linux-gnu
Configured with: ../src/configure -v --with-pkgversion='Ubuntu 11.4.0-1ubuntu1~22.04.3' --with-bugurl=file:///usr/share/doc/gcc-11/README.Bugs --enable-languages=c,ada,c++,go,brig,d,fortran,objc,obj-c++,m2 --prefix=/usr --with-gcc-major-version-only --program-suffix=-11 --program-prefix=x86_64-linux-gnu- --enable-shared --enable-linker-build-id --libexecdir=/usr/lib --without-included-gettext --enable-threads=posix --libdir=/usr/lib --enable-nls --enable-bootstrap --enable-clocale=gnu --enable-libstdcxx-debug --enable-libstdcxx-time=yes --with-default-libstdcxx-abi=new --enable-gnu-unique-object --disable-vtable-verify --enable-plugin --enable-default-pie --with-system-zlib --enable-libphobos-checking=release --with-target-system-zlib=auto --enable-objc-gc=auto --enable-multiarch --disable-werror --enable-cet --with-arch-32=i686 --with-abi=m64 --with-multilib-list=m32,m64,mx32 --enable-multilib --with-tune=generic --enable-offload-targets=nvptx-none=/build/gcc-11-0odw26/gcc-11-11.4.0/debian/tmp-nvptx/usr,amdgcn-amdhsa=/build/gcc-11-0odw26/gcc-11-11.4.0/debian/tmp-gcn/usr --without-cuda-driver --enable-checking=release --build=x86_64-linux-gnu --host=x86_64-linux-gnu --target=x86_64-linux-gnu --with-build-config=bootstrap-lto-lean --enable-link-serialization=2
Thread model: posix
Supported LTO compression algorithms: zlib zstd
gcc version 11.4.0 (Ubuntu 11.4.0-1ubuntu1~22.04.3) 
COLLECT_GCC_OPTIONS='-v' '-o' 'CMakeFiles/cmTC_c8e6e.dir/CMakeCCompilerABI.c.o' '-c' '-mtune=generic' '-march=x86-64' '-dumpdir' 'CMakeFiles/cmTC_c8e6e.dir/'
 /usr/lib/gcc/x86_64-linux-gnu/11/cc1 -quiet -v -imultiarch x86_64-linux-gnu /usr/share/cmake-3.22/Modules/CMakeCCompilerABI.c -quiet -dumpdir CMakeFiles/cmTC_c8e6e.dir/ -dumpbase CMakeCCompilerABI.c.c -dumpbase-ext .c -mtune=generic -march=x86-64 -version -fasynchronous-unwind-tables -fstack-protector-strong -Wformat -Wformat-security -fstack-clash-protection -fcf-protection -o /tmp/cc7Nx6Ld.s
GNU C17 (Ubuntu 11.4.0-1ubuntu1~22.04.3) version 11.4.0 (x86_64-linux-gnu)
	compiled by GNU C version 11.4.0, GMP version 6.2.1, MPFR version 4.1.0, MPC version 1.2.1, isl version isl-0.24-GMP

GGC heuristics: --param ggc-min-expand=100 --param ggc-min-heapsize=131072
ignoring nonexistent directory "/usr/local/include/x86_64-linux-gnu"
ignoring nonexistent directory "/usr/lib/gcc/x86_64-linux-gnu/11/include-fixed"
ignoring nonexistent directory "/usr/lib/gcc/x86_64-linux-gnu/11/../../../../x86_64-linux-gnu/include"
#include "..." search starts here:
#include <...> search starts here:
 /usr/lib/gcc/x86_64-linux-gnu/11/include
 /usr/local/include
 /usr/include/x86_64-linux-gnu
 /usr/include
End of search list.
GNU C17 (Ubuntu 11.4.0-1ubuntu1~22.04.3) version 11.4.0 (x86_64-linux-gnu)
	compiled by GNU C version 11.4.0, GMP version 6.2.1, MPFR version 4.1.0, MPC version 1.2.1, isl version isl-0.24-GMP

GGC heuristics: --param ggc-min-expand=100 --param ggc-min-heapsize=131072
Compiler executable checksum: 46ebede1f5b795a957a1e85cb61af9d8
COLLECT_GCC_OPTIONS='-v' '-o' 'CMakeFiles/cmTC_c8e6e.dir/CMakeCCompilerABI.c.o' '-c' '-mtune=generic' '-march=x86-64' '-dumpdir' 'CMakeFiles/cmTC_c8e6e.dir/'
 as -v --64 -o CMakeFiles/cmTC_c8e6e.dir/CMakeCCompilerABI.c.o /tmp/cc7Nx6Ld.s
GNU assembler version 2.38 (x86_64-linux-gnu) using BFD version (GNU Binutils for Ubuntu) 2.38
COMPILER_PATH=/usr/lib/gcc/x86_64-linux-gnu/11/:/usr/lib/gcc/x86_64-linux-gnu/11/:/usr/lib/gcc/x86_64-linux-gnu/:/usr/lib/gcc/x86_64-linux-gnu/11/:/usr/lib/gcc/x86_64-linux-gnu/
LIBRARY_PATH=/usr/lib/gcc/x86_64-linux-gnu/11/:/usr/lib/gcc/x86_64-linux-gnu/11/../../../x86_64-linux-gnu/:/usr/lib/gcc/x86_64-linux-gnu/11/../../../../lib/:/lib/x86_64-linux-gnu/:/lib/../lib/:/usr/lib/x86_64-linux-gnu/:/usr/lib/../lib/:/usr/lib/gcc/x86_64-linux-gnu/11/../../../:/lib/:/usr/lib/
COLLECT_GCC_OPTIONS='-v' '-o' 'CMakeFiles/cmTC_c8e6e.dir/CMakeCCompilerABI.c.o' '-c' '-mtune=generic' '-march=x86-64' '-dumpdir' 'CMakeFiles/cmTC_c8e6e.dir/CMakeCCompilerABI.c.'
Linking C executable cmTC_c8e6e
/usr/bin/cmake -E cmake_link_script CMakeFiles/cmTC_c8e6e.dir/link.txt --verbose=1
/usr/bin/cc  -v CMakeFiles/cmTC_c8e6e.dir/CMakeCCompilerABI.c.o -o cmTC_c8e6e 
Using built-in specs.
COLLECT_GCC=/usr/bin/cc
COLLECT_LTO_WRAPPER=/usr/lib/gcc/x86_64-linux-gnu/11/lto-wrapper
OFFLOAD_TARGET_NAMES=nvptx-none:amdgcn-amdhsa
OFFLOAD_TARGET_DEFAULT=1
Target: x86_64-linux-gnu
Configured with: ../src/configure -v --with-pkgversion='Ubuntu 11.4.0-1ubuntu1~22.04.3' --with-bugurl=file:///usr/share/doc/gcc-11/README.Bugs --enable-languages=c,ada,c++,go,brig,d,fortran,objc,obj-c++,m2 --prefix=/usr --with-gcc-major-version-only --program-suffix=-11 --program-prefix=x86_64-linux-gnu- --enable-shared --enable-linker-build-id --libexecdir=/usr/lib --without-included-gettext --enable-threads=posix --libdir=/usr/lib --enable-nls --enable-bootstrap --enable-clocale=gnu --enable-libstdcxx-debug --enable-libstdcxx-time=yes --with-default-libstdcxx-abi=new --enable-gnu-unique-object --disable-vtable-verify --enable-plugin --enable-default-pie --with-system-zlib --enable-libphobos-checking=release --with-target-system-zlib=auto --enable-objc-gc=auto --enable-multiarch --disable-werror --enable-cet --with-arch-32=i686 --with-abi=m64 --with-multilib-list=m32,m64,mx32 --enable-multilib --with-tune=generic --enable-offload-targets=nvptx-none=/build/gcc-11-0odw26/gcc-11-11.4.0/debian/tmp-nvptx/usr,amdgcn-amdhsa=/build/gcc-11-0odw26/gcc-11-11.4.0/debian/tmp-gcn/usr --without-cuda-driver --enable-checking=release --build=x86_64-linux-gnu --host=x86_64-linux-gnu --target=x86_64-linux-gnu --with-build-config=bootstrap-lto-lean --enable-link-serialization=2
Thread model: posix
Supported LTO compression algorithms: zlib zstd
gcc version 11.4.0 (Ubuntu 11.4.0-1ubuntu1~22.04.3) 
COMPILER_PATH=/usr/lib/gcc/x86_64-linux-gnu/11/:/usr/lib/gcc/x86_64-linux-gnu/11/:/usr/lib/gcc/x86_64-linux-gnu/:/usr/lib/gcc/x86_64-linux-gnu/11/:/usr/lib/gcc/x86_64-linux-gnu/
LIBRARY_PATH=/usr/lib/gcc/x86_64-linux-gnu/11/:/usr/lib/gcc/x86_64-linux-gnu/11/../../../x86_64-linux-gnu/:/usr/lib/gcc/x86_64-linux-gnu/11/../../../../lib/:/lib/x86_64-linux-gnu/:/lib/../lib/:/usr/lib/x86_64-linux-gnu/:/usr/lib/../lib/:/usr/lib/gcc/x86_64-linux-gnu/11/../../../:/lib/:/usr/lib/
COLLECT_GCC_OPTIONS='-v' '-o' 'cmTC_c8e6e' '-mtune=generic' '-march=x86-64' '-dumpdir' 'cmTC_c8e6e.'
 /usr/lib/gcc/x86_64-linux-gnu/11/collect2 -plugin /usr/lib/gcc/x86_64-linux-gnu/11/liblto_plugin.so -plugin-opt=/usr/lib/gcc/x86_64-linux-gnu/11/lto-wrapper -plugin-opt=-fresolution=/tmp/ccHBFzh5.res -plugin-opt=-pass-through=-lgcc -plugin-opt=-pass-through=-lgcc_s -plugin-opt=-pass-through=-lc -plugin-opt=-pass-through=-lgcc -plugin-opt=-pass-through=-lgcc_s --build-id --eh-frame-hdr -m elf_x86_64 --hash-style=gnu --as-needed -dynamic-linker /lib64/ld-linux-x86-64.so.2 -pie -z now -z relro -o cmTC_c8e6e /usr/lib/gcc/x86_64-linux-gnu/11/../../../x86_64-linux-gnu/Scrt1.o /usr/lib/gcc/x86_64-linux-gnu/11/../../../x86_64-linux-gnu/crti.o /usr/lib/gcc/x86_64-linux-gnu/11/crtbeginS.o -L/usr/lib/gcc/x86_64-linux-gnu/11 -L/usr/lib/gcc/x86_64-linux-gnu/11/../../../x86_64-linux-gnu -L/usr/lib/gcc/x86_64-linux-gnu/11/../../../../lib -L/lib/x86_64-linux-gnu -L/lib/../lib -L/usr/lib/x86_64-linux-gnu -L/usr/lib/../lib -L/usr/lib/gcc/x86_64-linux-gnu/11/../../.. CMakeFiles/cmTC_c8e6e.dir/CMakeCCompilerABI.c.o -lgcc --push-state --as-needed -lgcc_s --pop-state -lc -lgcc --push-state --as-needed -lgcc_s --pop-state /usr/lib/gcc/x86_64-linux-gnu/11/crtendS.o /usr/lib/gcc/x86_64-linux-gnu/11/../../../x86_64-linux-gnu/crtn.o
COLLECT_GCC_OPTIONS='-v' '-o' 'cmTC_c8e6e' '-mtune=generic' '-march=x86-64' '-dumpdir' 'cmTC_c8e6e.'
gmake[1]: Leaving directory '/home/chander/CODE_BASE/libjpeg-turbo/build/CMakeFiles/CMakeTmp'



Parsed C implicit include dir info from above output: rv=done
  found start of include info
  found start of implicit include info
    add: [/usr/lib/gcc/x86_64-linux-gnu/11/include]
    add: [/usr/local/include]
    add: [/usr/include/x86_64-linux-gnu]
    add: [/usr/include]
  end of search list found
  collapse include dir [/usr/lib/gcc/x86_64-linux-gnu/11/include] ==> [/usr/lib/gcc/x86_64-linux-gnu/11/include]
  collapse include dir [/usr/local/include] ==> [/usr/local/include]
  collapse include dir [/usr/include/x86_64-linux-gnu] ==> [/usr/include/x86_64-linux-gnu]
  collapse include dir [/usr/include] ==> [/usr/include]
  implicit include dirs: [/usr/lib/gcc/x86_64-linux-gnu/11/include;/usr/local/include;/usr/include/x86_64-linux-gnu;/usr/include]


Parsed C implicit link information from above output:
  link line regex: [^( *|.*[/\])(ld|CMAKE_LINK_STARTFILE-NOTFOUND|([^/\]+-)?ld|collect2)[^/\]*( |$)]
  ignore line: [Change Dir: /home/chander/CODE_BASE/libjpeg-turbo/build/CMakeFiles/CMakeTmp]
  ignore line: []
  ignore line: [Run Build Command(s):/usr/bin/gmake -f Makefile cmTC_c8e6e/fast && /usr/bin/gmake  -f CMakeFiles/cmTC_c8e6e.dir/build.make CMakeFiles/cmTC_c8e6e.dir/build]
  ignore line: [gmake[1]: Entering directory '/home/chander/CODE_BASE/libjpeg-turbo/build/CMakeFiles/CMakeTmp']
  ignore line: [Building C object CMakeFiles/cmTC_c8e6e.dir/CMakeCCompilerABI.c.o]
  ignore line: [/usr/bin/cc   -v -o CMakeFiles/cmTC_c8e6e.dir/CMakeCCompilerABI.c.o -c /usr/share/cmake-3.22/Modules/CMakeCCompilerABI.c]
  ignore line: [Using built-in specs.]
  ignore line: [COLLECT_GCC=/usr/bin/cc]
  ignore line: [OFFLOAD_TARGET_NAMES=nvptx-none:amdgcn-amdhsa]
  ignore line: [OFFLOAD_TARGET_DEFAULT=1]
  ignore line: [Target: x86_64-linux-gnu]
  ignore line: [Configured with: ../src/configure -v --with-pkgversion='Ubuntu 11.4.0-1ubuntu1~22.04.3' --with-bugurl=file:///usr/share/doc/gcc-11/README.Bugs --enable-languages=c ada c++ go brig d fortran objc obj-c++ m2 --prefix=/usr --with-gcc-major-version-only --program-suffix=-11 --program-prefix=x86_64-linux-gnu- --enable-shared --enable-linker-build-id --libexecdir=/usr/lib --without-included-gettext --enable-threads=posix --libdir=/usr/lib --enable-nls --enable-bootstrap --enable-clocale=gnu --enable-libstdcxx-debug --enable-libstdcxx-time=yes --with-default-libstdcxx-abi=new --enable-gnu-unique-object --disable-vtable-verify --enable-plugin --enable-default-pie --with-system-zlib --enable-libphobos-checking=release --with-target-system-zlib=auto --enable-objc-gc=auto --enable-multiarch --disable-werror --enable-cet --with-arch-32=i686 --with-abi=m64 --with-multilib-list=m32 m64 mx32 --enable-multilib --with-tune=generic --enable-offload-targets=nvptx-none=/build/gcc-11-0odw26/gcc-11-11.4.0/debian/tmp-nvptx/usr amdgcn-amdhsa=/build/gcc-11-0odw26/gcc-11-11.4.0/debian/tmp-gcn/usr --without-cuda-driver --enable-checking=release --build=x86_64-linux-gnu --host=x86_64-linux-gnu --target=x86_64-linux-gnu --with-build-config=bootstrap-lto-lean --enable-link-serialization=2]
  ignore line: [Thread model: posix]
  ignore line: [Supported LTO compression algorithms: zlib zstd]
  ignore line: [gcc version 11.4.0 (Ubuntu 11.4.0-1ubuntu1~22.04.3) ]
  ignore line: [COLLECT_GCC_OPTIONS='-v' '-o' 'CMakeFiles/cmTC_c8e6e.dir/CMakeCCompilerABI.c.o' '-c' '-mtune=generic' '-march=x86-64' '-dumpdir' 'CMakeFiles/cmTC_c8e6e.dir/']
  ignore line: [ /usr/lib/gcc/x86_64-linux-gnu/11/cc1 -quiet -v -imultiarch x86_64-linux-gnu /usr/share/cmake-3.22/Modules/CMakeCCompilerABI.c -quiet -dumpdir CMakeFiles/cmTC_c8e6e.dir/ -dumpbase CMakeCCompilerABI.c.c -dumpbase-ext .c -mtune=generic -march=x86-64 -version -fasynchronous-unwind-tables -fstack-protector-strong -Wformat -Wformat-security -fstack-clash-protection -fcf-protection -o /tmp/cc7Nx6Ld.s]
  ignore line: [GNU C17 (Ubuntu 11.4.0-1ubuntu1~22.04.3) version 11.4.0 (x86_64-linux-gnu)]
  ignore line: [	compiled by GNU C version 11.4.0  GMP version 6.2.1  MPFR version 4.1.0  MPC version 1.2.1  isl version isl-0.24-GMP]
  ignore line: []
  ignore line: [GGC heuristics: --param ggc-min-expand=100 --param ggc-min-heapsize=131072]
  ignore line: [ignoring nonexistent directory "/usr/local/include/x86_64-linux-gnu"]
  ignore line: [ignoring nonexistent directory "/usr/lib/gcc/x86_64-linux-gnu/11/include-fixed"]
  ignore line: [ignoring nonexistent directory "/usr/lib/gcc/x86_64-linux-gnu/11/../../../../x86_64-linux-gnu/include"]
  ignore line: [#include "..." search starts here:]
  ignore line: [#include <...> search starts here:]
  ignore line: [ /usr/lib/gcc/x86_64-linux-gnu/11/include]
  ignore line: [ /usr/local/include]
  ignore line: [ /usr/include/x86_64-linux-gnu]
  ignore line: [ /usr/include]
  ignore line: [End of search list.]
  ignore line: [GNU C17 (Ubuntu 11.4.0-1ubuntu1~22.04.3) version 11.4.0 (x86_64-linux-gnu)]
  ignore line: [	compiled by GNU C version 11.4.0  GMP version 6.2.1  MPFR version 4.1.0  MPC version 1.2.1  isl version isl-0.24-GMP]
  ignore line: []
  ignore line: [GGC heuristics: --param ggc-min-expand=100 --param ggc-min-heapsize=131072]
  ignore line: [Compiler executable checksum: 46ebede1f5b795a957a1e85cb61af9d8]
  ignore line: [COLLECT_GCC_OPTIONS='-v' '-o' 'CMakeFiles/cmTC_c8e6e.dir/CMakeCCompilerABI.c.o' '-c' '-mtune=generic' '-march=x86-64' '-dumpdir' 'CMakeFiles/cmTC_c8e6e.dir/']
  ignore line: [ as -v --64 -o CMakeFiles/cmTC_c8e6e.dir/CMakeCCompilerABI.c.o /tmp/cc7Nx6Ld.s]
  ignore line: [GNU assembler version 2.38 (x86_64-linux-gnu) using BFD version (GNU Binutils for Ubuntu) 2.38]
  ignore line: [COMPILER_PATH=/usr/lib/gcc/x86_64-linux-gnu/11/:/usr/lib/gcc/x86_64-linux-gnu/11/:/usr/lib/gcc/x86_64-linux-gnu/:/usr/lib/gcc/x86_64-linux-gnu/11/:/usr/lib/gcc/x86_64-linux-gnu/]
  ignore line: [LIBRARY_PATH=/usr/lib/gcc/x86_64-linux-gnu/11/:/usr/lib/gcc/x86_64-linux-gnu/11/../../../x86_64-linux-gnu/:/usr/lib/gcc/x86_64-linux-gnu/11/../../../../lib/:/lib/x86_64-linux-gnu/:/lib/../lib/:/usr/lib/x86_64-linux-gnu/:/usr/lib/../lib/:/usr/lib/gcc/x86_64-linux-gnu/11/../../../:/lib/:/usr/lib/]
  ignore line: [COLLECT_GCC_OPTIONS='-v' '-o' 'CMakeFiles/cmTC_c8e6e.dir/CMakeCCompilerABI.c.o' '-c' '-mtune=generic' '-march=x86-64' '-dumpdir' 'CMakeFiles/cmTC_c8e6e.dir/CMakeCCompilerABI.c.']
  ignore line: [Linking C executable cmTC_c8e6e]
  ignore line: [/usr/bin/cmake -E cmake_link_script CMakeFiles/cmTC_c8e6e.dir/link.txt --verbose=1]
  ignore line: [/usr/bin/cc  -v CMakeFiles/cmTC_c8e6e.dir/CMakeCCompilerABI.c.o -o cmTC_c8e6e ]
  ignore line: [Using built-in specs.]
  ignore line: [COLLECT_GCC=/usr/bin/cc]
  ignore line: [COLLECT_LTO_WRAPPER=/usr/lib/gcc/x86_64-linux-gnu/11/lto-wrapper]
  ignore line: [OFFLOAD_TARGET_NAMES=nvptx-none:amdgcn-amdhsa]
  ignore line: [OFFLOAD_TARGET_DEFAULT=1]
  ignore line: [Target: x86_64-linux-gnu]
  ignore line: [Configured with: ../src/configure -v --with-pkgversion='Ubuntu 11.4.0-1ubuntu1~22.04.3' --with-bugurl=file:///usr/share/doc/gcc-11/README.Bugs --enable-languages=c ada c++ go brig d fortran objc obj-c++ m2 --prefix=/usr --with-gcc-major-version-only --program-suffix=-11 --program-prefix=x86_64-linux-gnu- --enable-shared --enable-linker-build-id --libexecdir=/usr/lib --without-included-gettext --enable-threads=posix --libdir=/usr/lib --enable-nls --enable-bootstrap --enable-clocale=gnu --enable-libstdcxx-debug --enable-libstdcxx-time=yes --with-default-libstdcxx-abi=new --enable-gnu-unique-object --disable-vtable-verify --enable-plugin --enable-default-pie --with-system-zlib --enable-libphobos-checking=release --with-target-system-zlib=auto --enable-objc-gc=auto --enable-multiarch --disable-werror --enable-cet --with-arch-32=i686 --with-abi=m64 --with-multilib-list=m32 m64 mx32 --enable-multilib --with-tune=generic --enable-offload-targets=nvptx-none=/build/gcc-11-0odw26/gcc-11-11.4.0/debian/tmp-nvptx/usr amdgcn-amdhsa=/build/gcc-11-0odw26/gcc-11-11.4.0/debian/tmp-gcn/usr --without-cuda-driver --enable-checking=release --build=x86_64-linux-gnu --host=x86_64-linux-gnu --target=x86_64-linux-gnu --with-build-config=bootstrap-lto-lean --enable-link-serialization=2]
  ignore line: [Thread model: posix]
  ignore line: [Supported LTO compression algorithms: zlib zstd]
  ignore line: [gcc version 11.4.0 (Ubuntu 11.4.0-1ubuntu1~22.04.3) ]
  ignore line: [COMPILER_PATH=/usr/lib/gcc/x86_64-linux-gnu/11/:/usr/lib/gcc/x86_64-linux-gnu/11/:/usr/lib/gcc/x86_64-linux-gnu/:/usr/lib/gcc/x86_64-linux-gnu/11/:/usr/lib/gcc/x86_64-linux-gnu/]
  ignore line: [LIBRARY_PATH=/usr/lib/gcc/x86_64-linux-gnu/11/:/usr/lib/gcc/x86_64-linux-gnu/11/../../../x86_64-linux-gnu/:/usr/lib/gcc/x86_64-linux-gnu/11/../../../../lib/:/lib/x86_64-linux-gnu/:/lib/../lib/:/usr/lib/x86_64-linux-gnu/:/usr/lib/../lib/:/usr/lib/gcc/x86_64-linux-gnu/11/../../../:/lib/:/usr/lib/]
  ignore line: [COLLECT_GCC_OPTIONS='-v' '-o' 'cmTC_c8e6e' '-mtune=generic' '-march=x86-64' '-dumpdir' 'cmTC_c8e6e.']
  link line: [ /usr/lib/gcc/x86_64-linux-gnu/11/collect2 -plugin /usr/lib/gcc/x86_64-linux-gnu/11/liblto_plugin.so -plugin-opt=/usr/lib/gcc/x86_64-linux-gnu/11/lto-wrapper -plugin-opt=-fresolution=/tmp/ccHBFzh5.res -plugin-opt=-pass-through=-lgcc -plugin-opt=-pass-through=-lgcc_s -plugin-opt=-pass-through=-lc -plugin-opt=-pass-through=-lgcc -plugin-opt=-pass-through=-lgcc_s --build-id --eh-frame-hdr -m elf_x86_64 --hash-style=gnu --as-needed -dynamic-linker /lib64/ld-linux-x86-64.so.2 -pie -z now -z relro -o cmTC_c8e6e /usr/lib/gcc/x86_64-linux-gnu/11/../../../x86_64-linux-gnu/Scrt1.o /usr/lib/gcc/x86_64-linux-gnu/11/../../../x86_64-linux-gnu/crti.o /usr/lib/gcc/x86_64-linux-gnu/11/crtbeginS.o -L/usr/lib/gcc/x86_64-linux-gnu/11 -L/usr/lib/gcc/x86_64-linux-gnu/11/../../../x86_64-linux-gnu -L/usr/lib/gcc/x86_64-linux-gnu/11/../../../../lib -L/lib/x86_64-linux-gnu -L/lib/../lib -L/usr/lib/x86_64-linux-gnu -L/usr/lib/../lib -L/usr/lib/gcc/x86_64-linux-gnu/11/../../.. CMakeFiles/cmTC_c8e6e.dir/CMakeCCompilerABI.c.o -lgcc --push-state --as-needed -lgcc_s --pop-state -lc -lgcc --push-state --as-needed -lgcc_s --pop-state /usr/lib/gcc/x86_64-linux-gnu/11/crtendS.o /usr/lib/gcc/x86_64-linux-gnu/11/../../../x86_64-linux-gnu/crtn.o]
    arg [/usr/lib/gcc/x86_64-linux-gnu/11/collect2] ==> ignore
    arg [-plugin] ==> ignore
    arg [/usr/lib/gcc/x86_64-linux-gnu/11/liblto_plugin.so] ==> ignore
    arg [-plugin-opt=/usr/lib/gcc/x86_64-linux-gnu/11/lto-wrapper] ==> ignore
    arg [-plugin-opt=-fresolution=/tmp/ccHBFzh5.res] ==> ignore
    arg [-plugin-opt=-pass-through=-lgcc] ==> ignore
    arg [-plugin-opt=-pass-through=-lgcc_s] ==> ignore
    arg [-plugin-opt=-pass-through=-lc] ==> ignore
    arg [-plugin-opt=-pass-through=-lgcc] ==> ignore
    arg [-plugin-opt=-pass-through=-lgcc_s] ==> ignore
    arg [--build-id] ==> ignore
    arg [--eh-frame-hdr] ==> ignore
    arg [-m] ==> ignore
    arg [elf_x86_64] ==> ignore
    arg [--hash-style=gnu] ==> ignore
    arg [--as-needed] ==> ignore
    arg [-dynamic-linker] ==> ignore
    arg [/lib64/ld-linux-x86-64.so.2] ==> ignore
    arg [-pie] ==> ignore
    arg [-znow] ==> ignore
    arg [-zrelro] ==> ignore
    arg [-o] ==> ignore
    arg [cmTC_c8e6e] ==> ignore
    arg [/usr/lib/gcc/x86_64-linux-gnu/11/../../../x86_64-linux-gnu/Scrt1.o] ==> obj [/usr/lib/gcc/x86_64-linux-gnu/11/../../../x86_64-linux-gnu/Scrt1.o]
    arg [/usr/lib/gcc/x86_64-linux-gnu/11/../../../x86_64-linux-gnu/crti.o] ==> obj [/usr/lib/gcc/x86_64-linux-gnu/11/../../../x86_64-linux-gnu/crti.o]
    arg [/usr/lib/gcc/x86_64-linux-gnu/11/crtbeginS.o] ==> obj [/usr/lib/gcc/x86_64-linux-gnu/11/crtbeginS.o]
    arg [-L/usr/lib/gcc/x86_64-linux-gnu/11] ==> dir [/usr/lib/gcc/x86_64-linux-gnu/11]
    arg [-L/usr/lib/gcc/x86_64-linux-gnu/11/../../../x86_64-linux-gnu] ==> dir [/usr/lib/gcc/x86_64-linux-gnu/11/../../../x86_64-linux-gnu]
    arg [-L/usr/lib/gcc/x86_64-linux-gnu/11/../../../../lib] ==> dir [/usr/lib/gcc/x86_64-linux-gnu/11/../../../../lib]
    arg [-L/lib/x86_64-linux-gnu] ==> dir [/lib/x86_64-linux-gnu]
    arg [-L/lib/../lib] ==> dir [/lib/../lib]
    arg [-L/usr/lib/x86_64-linux-gnu] ==> dir [/usr/lib/x86_64-linux-gnu]
    arg [-L/usr/lib/../lib] ==> dir [/usr/lib/../lib]
    arg [-L/usr/lib/gcc/x86_64-linux-gnu/11/../../..] ==> dir [/usr/lib/gcc/x86_64-linux-gnu/11/../../..]
    arg [CMakeFiles/cmTC_c8e6e.dir/CMakeCCompilerABI.c.o] ==> ignore
    arg [-lgcc] ==> lib [gcc]
    arg [--push-state] ==> ignore
    arg [--as-needed] ==> ignore
    arg [-lgcc_s] ==> lib [gcc_s]
    arg [--pop-state] ==> ignore
    arg [-lc] ==> lib [c]
    arg [-lgcc] ==> lib [gcc]
    arg [--push-state] ==> ignore
    arg [--as-needed] ==> ignore
    arg [-lgcc_s] ==> lib [gcc_s]
    arg [--pop-state] ==> ignore
    arg [/usr/lib/gcc/x86_64-linux-gnu/11/crtendS.o] ==> obj [/usr/lib/gcc/x86_64-linux-gnu/11/crtendS.o]
    arg [/usr/lib/gcc/x86_64-linux-gnu/11/../../../x86_64-linux-gnu/crtn.o] ==> obj [/usr/lib/gcc/x86_64-linux-gnu/11/../../../x86_64-linux-gnu/crtn.o]
  collapse obj [/usr/lib/gcc/x86_64-linux-gnu/11/../../../x86_64-linux-gnu/Scrt1.o] ==> [/usr/lib/x86_64-linux-gnu/Scrt1.o]
  collapse obj [/usr/lib/gcc/x86_64-linux-gnu/11/../../../x86_64-linux-gnu/crti.o] ==> [/usr/lib/x86_64-linux-gnu/crti.o]
  collapse obj [/usr/lib/gcc/x86_64-linux-gnu/11/../../../x86_64-linux-gnu/crtn.o] ==> [/usr/lib/x86_64-linux-gnu/crtn.o]
  collapse library dir [/usr/lib/gcc/x86_64-linux-gnu/11] ==> [/usr/lib/gcc/x86_64-linux-gnu/11]
  collapse library dir [/usr/lib/gcc/x86_64-linux-gnu/11/../../../x86_64-linux-gnu] ==> [/usr/lib/x86_64-linux-gnu]
  collapse library dir [/usr/lib/gcc/x86_64-linux-gnu/11/../../../../lib] ==> [/usr/lib]
  collapse library dir [/lib/x86_64-linux-gnu] ==> [/lib/x86_64-linux-gnu]
  collapse library dir [/lib/../lib] ==> [/lib]
  collapse library dir [/usr/lib/x86_64-linux-gnu] ==> [/usr/lib/x86_64-linux-gnu]
  collapse library dir [/usr/lib/../lib] ==> [/usr/lib]
  collapse library dir [/usr/lib/gcc/x86_64-linux-gnu/11/../../..] ==> [/usr/lib]
  implicit libs: [gcc;gcc_s;c;gcc;gcc_s]
  implicit objs: [/usr/lib/x86_64-linux-gnu/Scrt1.o;/usr/lib/x86_64-linux-gnu/crti.o;/usr/lib/gcc/x86_64-linux-gnu/11/crtbeginS.o;/usr/lib/gcc/x86_64-linux-gnu/11/crtendS.o;/usr/lib/x86_64-linux-gnu/crtn.o]
  implicit dirs: [/usr/lib/gcc/x86_64-linux-gnu/11;/usr/lib/x86_64-linux-gnu;/usr/lib;/lib/x86_64-linux-gnu;/lib]
  implicit fwks: []


Determining if the include file sys/types.h exists passed with the following output:
Change Dir: /home/chander/CODE_BASE/libjpeg-turbo/build/CMakeFiles/CMakeTmp

Run Build Command(s):/usr/bin/gmake -f Makefile cmTC_30792/fast && /usr/bin/gmake  -f CMakeFiles/cmTC_30792.dir/build.make CMakeFiles/cmTC_30792.dir/build
gmake[1]: Entering directory '/home/chander/CODE_BASE/libjpeg-turbo/build/CMakeFiles/CMakeTmp'
Building C object CMakeFiles/cmTC_30792.dir/CheckIncludeFile.c.o
/usr/bin/cc    -o CMakeFiles/cmTC_30792.dir/CheckIncludeFile.c.o -c /home/chander/CODE_BASE/libjpeg-turbo/build/CMakeFiles/CMakeTmp/CheckIncludeFile.c
Linking C executable cmTC_30792
/usr/bin/cmake -E cmake_link_script CMakeFiles/cmTC_30792.dir/link.txt --verbose=1
/usr/bin/cc CMakeFiles/cmTC_30792.dir/CheckIncludeFile.c.o -o cmTC_30792 
gmake[1]: Leaving directory '/home/chander/CODE_BASE/libjpeg-turbo/build/CMakeFiles/CMakeTmp'



Determining if the include file stdint.h exists passed with the following output:
Change Dir: /home/chander/CODE_BASE/libjpeg-turbo/build/CMakeFiles/CMakeTmp

Run Build Command(s):/usr/bin/gmake -f Makefile cmTC_51406/fast && /usr/bin/gmake  -f CMakeFiles/cmTC_51406.dir/build.make CMakeFiles/cmTC_51406.dir/build
gmake[1]: Entering directory '/home/chander/CODE_BASE/libjpeg-turbo/build/CMakeFiles/CMakeTmp'
Building C object CMakeFiles/cmTC_51406.dir/CheckIncludeFile.c.o
/usr/bin/cc    -o CMakeFiles/cmTC_51406.dir/CheckIncludeFile.c.o -c /home/chander/CODE_BASE/libjpeg-turbo/build/CMakeFiles/CMakeTmp/CheckIncludeFile.c
Linking C executable cmTC_51406
/usr/bin/cmake -E cmake_link_script CMakeFiles/cmTC_51406.dir/link.txt --verbose=1
/usr/bin/cc CMakeFiles/cmTC_51406.dir/CheckIncludeFile.c.o -o cmTC_51406 
gmake[1]: Leaving directory '/home/chander/CODE_BASE/libjpeg-turbo/build/CMakeFiles/CMakeTmp'



Determining if the include file stddef.h exists passed with the following output:
Change Dir: /home/chander/CODE_BASE/libjpeg-turbo/build/CMakeFiles/CMakeTmp

Run Build Command(s):/usr/bin/gmake -f Makefile cmTC_35026/fast && /usr/bin/gmake  -f CMakeFiles/cmTC_35026.dir/build.make CMakeFiles/cmTC_35026.dir/build
gmake[1]: Entering directory '/home/chander/CODE_BASE/libjpeg-turbo/build/CMakeFiles/CMakeTmp'
Building C object CMakeFiles/cmTC_35026.dir/CheckIncludeFile.c.o
/usr/bin/cc    -o CMakeFiles/cmTC_35026.dir/CheckIncludeFile.c.o -c /home/chander/CODE_BASE/libjpeg-turbo/build/CMakeFiles/CMakeTmp/CheckIncludeFile.c
Linking C executable cmTC_35026
/usr/bin/cmake -E cmake_link_script CMakeFiles/cmTC_35026.dir/link.txt --verbose=1
/usr/bin/cc CMakeFiles/cmTC_35026.dir/CheckIncludeFile.c.o -o cmTC_35026 
gmake[1]: Leaving directory '/home/chander/CODE_BASE/libjpeg-turbo/build/CMakeFiles/CMakeTmp'



Determining size of size_t passed with the following output:
Change Dir: /home/chander/CODE_BASE/libjpeg-turbo/build/CMakeFiles/CMakeTmp

Run Build Command(s):/usr/bin/gmake -f Makefile cmTC_65d22/fast && /usr/bin/gmake  -f CMakeFiles/cmTC_65d22.dir/build.make CMakeFiles/cmTC_65d22.dir/build
gmake[1]: Entering directory '/home/chander/CODE_BASE/libjpeg-turbo/build/CMakeFiles/CMakeTmp'
Building C object CMakeFiles/cmTC_65d22.dir/SIZE_T.c.o
/usr/bin/cc    -o CMakeFiles/cmTC_65d22.dir/SIZE_T.c.o -c /home/chander/CODE_BASE/libjpeg-turbo/build/CMakeFiles/CheckTypeSize/SIZE_T.c
Linking C executable cmTC_65d22
/usr/bin/cmake -E cmake_link_script CMakeFiles/cmTC_65d22.dir/link.txt --verbose=1
/usr/bin/cc CMakeFiles/cmTC_65d22.dir/SIZE_T.c.o -o cmTC_65d22 
gmake[1]: Leaving directory '/home/chander/CODE_BASE/libjpeg-turbo/build/CMakeFiles/CMakeTmp'



Determining size of unsigned long passed with the following output:
Change Dir: /home/chander/CODE_BASE/libjpeg-turbo/build/CMakeFiles/CMakeTmp

Run Build Command(s):/usr/bin/gmake -f Makefile cmTC_60249/fast && /usr/bin/gmake  -f CMakeFiles/cmTC_60249.dir/build.make CMakeFiles/cmTC_60249.dir/build
gmake[1]: Entering directory '/home/chander/CODE_BASE/libjpeg-turbo/build/CMakeFiles/CMakeTmp'
Building C object CMakeFiles/cmTC_60249.dir/UNSIGNED_LONG.c.o
/usr/bin/cc    -o CMakeFiles/cmTC_60249.dir/UNSIGNED_LONG.c.o -c /home/chander/CODE_BASE/libjpeg-turbo/build/CMakeFiles/CheckTypeSize/UNSIGNED_LONG.c
Linking C executable cmTC_60249
/usr/bin/cmake -E cmake_link_script CMakeFiles/cmTC_60249.dir/link.txt --verbose=1
/usr/bin/cc CMakeFiles/cmTC_60249.dir/UNSIGNED_LONG.c.o -o cmTC_60249 
gmake[1]: Leaving directory '/home/chander/CODE_BASE/libjpeg-turbo/build/CMakeFiles/CMakeTmp'



Performing C SOURCE FILE Test HAVE_BUILTIN_CTZL succeeded with the following output:
Change Dir: /home/chander/CODE_BASE/libjpeg-turbo/build/CMakeFiles/CMakeTmp

Run Build Command(s):/usr/bin/gmake -f Makefile cmTC_d8e83/fast && /usr/bin/gmake  -f CMakeFiles/cmTC_d8e83.dir/build.make CMakeFiles/cmTC_d8e83.dir/build
gmake[1]: Entering directory '/home/chander/CODE_BASE/libjpeg-turbo/build/CMakeFiles/CMakeTmp'
Building C object CMakeFiles/cmTC_d8e83.dir/src.c.o
/usr/bin/cc -DHAVE_BUILTIN_CTZL   -o CMakeFiles/cmTC_d8e83.dir/src.c.o -c /home/chander/CODE_BASE/libjpeg-turbo/build/CMakeFiles/CMakeTmp/src.c
Linking C executable cmTC_d8e83
/usr/bin/cmake -E cmake_link_script CMakeFiles/cmTC_d8e83.dir/link.txt --verbose=1
/usr/bin/cc CMakeFiles/cmTC_d8e83.dir/src.c.o -o cmTC_d8e83 
gmake[1]: Leaving directory '/home/chander/CODE_BASE/libjpeg-turbo/build/CMakeFiles/CMakeTmp'


Source file was:
int main(int argc, char **argv) { unsigned long a = argc;  return __builtin_ctzl(a); }
Performing C SOURCE FILE Test HIDDEN_WORKS succeeded with the following output:
Change Dir: /home/chander/CODE_BASE/libjpeg-turbo/build/CMakeFiles/CMakeTmp

Run Build Command(s):/usr/bin/gmake -f Makefile cmTC_80187/fast && /usr/bin/gmake  -f CMakeFiles/cmTC_80187.dir/build.make CMakeFiles/cmTC_80187.dir/build
gmake[1]: Entering directory '/home/chander/CODE_BASE/libjpeg-turbo/build/CMakeFiles/CMakeTmp'
Building C object CMakeFiles/cmTC_80187.dir/src.c.o
/usr/bin/cc -DHIDDEN_WORKS   -o CMakeFiles/cmTC_80187.dir/src.c.o -c /home/chander/CODE_BASE/libjpeg-turbo/build/CMakeFiles/CMakeTmp/src.c
Linking C executable cmTC_80187
/usr/bin/cmake -E cmake_link_script CMakeFiles/cmTC_80187.dir/link.txt --verbose=1
/usr/bin/cc CMakeFiles/cmTC_80187.dir/src.c.o -o cmTC_80187 
gmake[1]: Leaving directory '/home/chander/CODE_BASE/libjpeg-turbo/build/CMakeFiles/CMakeTmp'


Source file was:
extern const int table[1]; const int __attribute__((visibility("hidden"))) table[1] = { 0 }; int main(void) { return table[0]; }
Performing C SOURCE FILE Test INLINE_WORKS succeeded with the following output:
Change Dir: /home/chander/CODE_BASE/libjpeg-turbo/build/CMakeFiles/CMakeTmp

Run Build Command(s):/usr/bin/gmake -f Makefile cmTC_54b3d/fast && /usr/bin/gmake  -f CMakeFiles/cmTC_54b3d.dir/build.make CMakeFiles/cmTC_54b3d.dir/build
gmake[1]: Entering directory '/home/chander/CODE_BASE/libjpeg-turbo/build/CMakeFiles/CMakeTmp'
Building C object CMakeFiles/cmTC_54b3d.dir/src.c.o
/usr/bin/cc -DINLINE_WORKS   -o CMakeFiles/cmTC_54b3d.dir/src.c.o -c /home/chander/CODE_BASE/libjpeg-turbo/build/CMakeFiles/CMakeTmp/src.c
Linking C executable cmTC_54b3d
/usr/bin/cmake -E cmake_link_script CMakeFiles/cmTC_54b3d.dir/link.txt --verbose=1
/usr/bin/cc CMakeFiles/cmTC_54b3d.dir/src.c.o -o cmTC_54b3d 
gmake[1]: Leaving directory '/home/chander/CODE_BASE/libjpeg-turbo/build/CMakeFiles/CMakeTmp'


Source file was:
__inline__ __attribute__((always_inline)) static int foo(void) { return 0; } int main(void) { return foo(); }
Performing C SOURCE FILE Test HAVE_THREAD_LOCAL succeeded with the following output:
Change Dir: /home/chander/CODE_BASE/libjpeg-turbo/build/CMakeFiles/CMakeTmp

Run Build Command(s):/usr/bin/gmake -f Makefile cmTC_e21a8/fast && /usr/bin/gmake  -f CMakeFiles/cmTC_e21a8.dir/build.make CMakeFiles/cmTC_e21a8.dir/build
gmake[1]: Entering directory '/home/chander/CODE_BASE/libjpeg-turbo/build/CMakeFiles/CMakeTmp'
Building C object CMakeFiles/cmTC_e21a8.dir/src.c.o
/usr/bin/cc -DHAVE_THREAD_LOCAL   -o CMakeFiles/cmTC_e21a8.dir/src.c.o -c /home/chander/CODE_BASE/libjpeg-turbo/build/CMakeFiles/CMakeTmp/src.c
Linking C executable cmTC_e21a8
/usr/bin/cmake -E cmake_link_script CMakeFiles/cmTC_e21a8.dir/link.txt --verbose=1
/usr/bin/cc CMakeFiles/cmTC_e21a8.dir/src.c.o -o cmTC_e21a8 
gmake[1]: Leaving directory '/home/chander/CODE_BASE/libjpeg-turbo/build/CMakeFiles/CMakeTmp'


Source file was:
static __thread int i;  int main(void) { i = 0;  return i; }
Performing C SOURCE FILE Test HAVE_VERSION_SCRIPT succeeded with the following output:
Change Dir: /home/chander/CODE_BASE/libjpeg-turbo/build/CMakeFiles/CMakeTmp

Run Build Command(s):/usr/bin/gmake -f Makefile cmTC_05e97/fast && /usr/bin/gmake  -f CMakeFiles/cmTC_05e97.dir/build.make CMakeFiles/cmTC_05e97.dir/build
gmake[1]: Entering directory '/home/chander/CODE_BASE/libjpeg-turbo/build/CMakeFiles/CMakeTmp'
Building C object CMakeFiles/cmTC_05e97.dir/src.c.o
/usr/bin/cc -DHAVE_VERSION_SCRIPT  -Wl,--version-script,/home/chander/CODE_BASE/libjpeg-turbo/build/conftest.map -o CMakeFiles/cmTC_05e97.dir/src.c.o -c /home/chander/CODE_BASE/libjpeg-turbo/build/CMakeFiles/CMakeTmp/src.c
Linking C executable cmTC_05e97
/usr/bin/cmake -E cmake_link_script CMakeFiles/cmTC_05e97.dir/link.txt --verbose=1
/usr/bin/cc  -Wl,--version-script,/home/chander/CODE_BASE/libjpeg-turbo/build/conftest.map CMakeFiles/cmTC_05e97.dir/src.c.o -o cmTC_05e97 
gmake[1]: Leaving directory '/home/chander/CODE_BASE/libjpeg-turbo/build/CMakeFiles/CMakeTmp'


Source file was:
int main(void) { return 0; }
Looking for a ASM_NASM compiler passed with the following output:
-- The ASM_NASM compiler identification is NASM
-- Found assembler: /usr/bin/nasm
-- Configuring done
-- Generating done
-- Build files have been written to: /home/chander/CODE_BASE/libjpeg-turbo/build/simd/CMakeFiles/CheckASM_NASM

Checking whether the ASM_NASM compiler is NASM using "-v" matched "(NASM version)":
NASM version 2.15.05
Performing C SOURCE FILE Test HAVE_CET succeeded with the following output:
Change Dir: /home/chander/CODE_BASE/libjpeg-turbo/build/CMakeFiles/CMakeTmp

Run Build Command(s):/usr/bin/gmake -f Makefile cmTC_8ec04/fast && /usr/bin/gmake  -f CMakeFiles/cmTC_8ec04.dir/build.make CMakeFiles/cmTC_8ec04.dir/build
gmake[1]: Entering directory '/home/chander/CODE_BASE/libjpeg-turbo/build/CMakeFiles/CMakeTmp'
Building C object CMakeFiles/cmTC_8ec04.dir/src.c.o
/usr/bin/cc -DHAVE_CET   -o CMakeFiles/cmTC_8ec04.dir/src.c.o -c /home/chander/CODE_BASE/libjpeg-turbo/build/CMakeFiles/CMakeTmp/src.c
Linking C executable cmTC_8ec04
/usr/bin/cmake -E cmake_link_script CMakeFiles/cmTC_8ec04.dir/link.txt --verbose=1
/usr/bin/cc CMakeFiles/cmTC_8ec04.dir/src.c.o -o cmTC_8ec04 
gmake[1]: Leaving directory '/home/chander/CODE_BASE/libjpeg-turbo/build/CMakeFiles/CMakeTmp'


Source file was:

    #if (__CET__ & 3) == 0
    #error "CET not enabled"
    #endif
    int main(void) { return 0; }
Determining if the function fmemopen exists passed with the following output:
Change Dir: /home/chander/CODE_BASE/libjpeg-turbo/build/CMakeFiles/CMakeTmp

Run Build Command(s):/usr/bin/gmake -f Makefile cmTC_9e595/fast && /usr/bin/gmake  -f CMakeFiles/cmTC_9e595.dir/build.make CMakeFiles/cmTC_9e595.dir/build
gmake[1]: Entering directory '/home/chander/CODE_BASE/libjpeg-turbo/build/CMakeFiles/CMakeTmp'
Building C object CMakeFiles/cmTC_9e595.dir/CheckFunctionExists.c.o
/usr/bin/cc   -DCHECK_FUNCTION_EXISTS=fmemopen -o CMakeFiles/cmTC_9e595.dir/CheckFunctionExists.c.o -c /usr/share/cmake-3.22/Modules/CheckFunctionExists.c
Linking C executable cmTC_9e595
/usr/bin/cmake -E cmake_link_script CMakeFiles/cmTC_9e595.dir/link.txt --verbose=1
/usr/bin/cc  -DCHECK_FUNCTION_EXISTS=fmemopen CMakeFiles/cmTC_9e595.dir/CheckFunctionExists.c.o -o cmTC_9e595 
gmake[1]: Leaving directory '/home/chander/CODE_BASE/libjpeg-turbo/build/CMakeFiles/CMakeTmp'



